Arguments: 
  C:\Program Files\nodejs\node.exe C:\Users\user\AppData\Roaming\npm\node_modules\yarn\bin\yarn.js install bcrypt body-parser cors express jsonwebtoken mongoose morgan --save

PATH: 
  C:\Program Files\Git\mingw64\bin;C:\Program Files\Git\usr\bin;C:\Users\user\bin;C:\ProgramData\Oracle\Java\javapath;C:\Windows\system32;C:\Windows;C:\Windows\System32\Wbem;C:\Windows\System32\WindowsPowerShell\v1.0;C:\Program Files\Hewlett-Packard\SimplePass;C:\Program Files (x86)\Skype\Phone;C:\Program Files (x86)\Brackets\command;C:\Program Files\Microsoft SQL Server\110\Tools\Binn;C:\Program Files\nodejs;C:\Program Files\Git\cmd;C:\Users\user\AppData\Roaming\Composer\vendor\bin;C:\Users\user\AppData\Local\GitHubDesktop\bin;C:\Program Files\Microsoft VS Code\bin;C:\Users\user\AppData\Roaming\npm;C:\Program Files\Heroku\bin;C:\Program Files\Java\jdk1.8.0_131\bin;F:\

Yarn version: 
  1.5.1

Node version: 
  8.9.1

Platform: 
  win32 x64

npm manifest: 
  {
    "name": "stock-management-api",
    "version": "1.0.0",
    "description": "api",
    "main": "app.js",
    "scripts": {
      "test": "echo \"Error: no test specified\" && exit 1"
    },
    "author": "sabin",
    "license": "ISC"
  }

yarn manifest: 
  No manifest

Lockfile: 
  No lockfile

Trace: 
  Error: `install` has been replaced with `add` to add new dependencies. Run "yarn add bcrypt body-parser cors express jsonwebtoken mongoose morgan" instead.
      at new MessageError (C:\Users\user\AppData\Roaming\npm\node_modules\yarn\lib\cli.js:186:110)
      at Object.<anonymous> (C:\Users\user\AppData\Roaming\npm\node_modules\yarn\lib\cli.js:21987:13)
      at Generator.next (<anonymous>)
      at step (C:\Users\user\AppData\Roaming\npm\node_modules\yarn\lib\cli.js:98:30)
      at C:\Users\user\AppData\Roaming\npm\node_modules\yarn\lib\cli.js:109:13
      at <anonymous>
